<?xml version="1.0" encoding="UTF-8"?>
<!-- Generated by org.testng.reporters.JUnitReportReporter -->
<testsuite hostname="DESKTOP-QVDO63C" failures="0" tests="1" name="com.goibibo.testscript.Login" time="28.583" errors="0" timestamp="2021-12-23T16:40:06 IST" skipped="0">
  <testcase classname="com.goibibo.testscript.Login" name="login" time="28.583"/>
  <system-out/>
</testsuite> <!-- com.goibibo.testscript.Login -->
