<?xml version="1.0" encoding="UTF-8"?>
<!-- Generated by org.testng.reporters.JUnitReportReporter -->
<testsuite hostname="LAPTOP-S726QHAR" failures="0" tests="1" name="com.goibibo.testscript.Home" time="4.543" errors="0" timestamp="2021-12-26T00:32:37 IST" skipped="0">
  <testcase classname="com.goibibo.testscript.Home" name="homepage" time="4.543"/>
  <system-out>
    <![CDATA[child dropdown is enabled and pass
4 Nights]]>
  </system-out>
</testsuite> <!-- com.goibibo.testscript.Home -->
